mode: atomic
github.com/f4hrenh9it/seismograph/back/server/model.go:15.36,22.2 1 2
github.com/f4hrenh9it/seismograph/back/server/model.go:33.38,41.2 1 1
github.com/f4hrenh9it/seismograph/back/server/model.go:51.48,58.2 1 2
github.com/f4hrenh9it/seismograph/back/server/model.go:67.38,73.2 1 1
github.com/f4hrenh9it/seismograph/back/server/store.go:15.100,20.64 2 1
github.com/f4hrenh9it/seismograph/back/server/store.go:23.2,23.19 1 1
github.com/f4hrenh9it/seismograph/back/server/store.go:20.64,22.3 1 0
github.com/f4hrenh9it/seismograph/back/server/store.go:26.110,32.64 2 2
github.com/f4hrenh9it/seismograph/back/server/store.go:35.2,35.19 1 2
github.com/f4hrenh9it/seismograph/back/server/store.go:32.64,34.3 1 0
github.com/f4hrenh9it/seismograph/back/server/store.go:38.100,42.62 2 1
github.com/f4hrenh9it/seismograph/back/server/store.go:45.2,45.16 1 1
github.com/f4hrenh9it/seismograph/back/server/store.go:42.62,44.3 1 0
github.com/f4hrenh9it/seismograph/back/server/store.go:48.94,50.63 2 1
github.com/f4hrenh9it/seismograph/back/server/store.go:53.2,53.17 1 1
github.com/f4hrenh9it/seismograph/back/server/store.go:50.63,52.3 1 0
github.com/f4hrenh9it/seismograph/back/server/store.go:56.86,60.86 2 1
github.com/f4hrenh9it/seismograph/back/server/store.go:63.2,63.12 1 1
github.com/f4hrenh9it/seismograph/back/server/store.go:60.86,62.3 1 0
github.com/f4hrenh9it/seismograph/back/server/store.go:66.90,70.62 2 1
github.com/f4hrenh9it/seismograph/back/server/store.go:73.2,73.16 1 1
github.com/f4hrenh9it/seismograph/back/server/store.go:70.62,72.3 1 0
github.com/f4hrenh9it/seismograph/back/server/store.go:76.82,78.65 2 1
github.com/f4hrenh9it/seismograph/back/server/store.go:81.2,81.19 1 1
github.com/f4hrenh9it/seismograph/back/server/store.go:78.65,80.3 1 0
github.com/f4hrenh9it/seismograph/back/server/store.go:84.104,90.66 2 6
github.com/f4hrenh9it/seismograph/back/server/store.go:93.2,93.21 1 6
github.com/f4hrenh9it/seismograph/back/server/store.go:90.66,92.3 1 0
github.com/f4hrenh9it/seismograph/back/server/store.go:96.89,98.16 2 5
github.com/f4hrenh9it/seismograph/back/server/store.go:101.2,101.12 1 5
github.com/f4hrenh9it/seismograph/back/server/store.go:106.2,106.12 1 5
github.com/f4hrenh9it/seismograph/back/server/store.go:98.16,100.3 1 0
github.com/f4hrenh9it/seismograph/back/server/store.go:101.12,102.84 1 1
github.com/f4hrenh9it/seismograph/back/server/store.go:102.84,104.4 1 0
github.com/f4hrenh9it/seismograph/back/server/store.go:109.123,111.16 2 5
github.com/f4hrenh9it/seismograph/back/server/store.go:114.2,114.12 1 5
github.com/f4hrenh9it/seismograph/back/server/store.go:111.16,113.3 1 0
github.com/f4hrenh9it/seismograph/back/server/store.go:117.139,119.16 2 1
github.com/f4hrenh9it/seismograph/back/server/store.go:122.2,122.15 1 1
github.com/f4hrenh9it/seismograph/back/server/store.go:119.16,121.3 1 0
github.com/f4hrenh9it/seismograph/back/server/store.go:125.105,127.91 2 1
github.com/f4hrenh9it/seismograph/back/server/store.go:130.2,130.16 1 1
github.com/f4hrenh9it/seismograph/back/server/store.go:127.91,129.3 1 0
github.com/f4hrenh9it/seismograph/back/server/store.go:133.90,138.95 3 1
github.com/f4hrenh9it/seismograph/back/server/store.go:141.2,141.12 1 1
github.com/f4hrenh9it/seismograph/back/server/store.go:138.95,140.3 1 0
github.com/f4hrenh9it/seismograph/back/server/store.go:144.115,149.93 3 1
github.com/f4hrenh9it/seismograph/back/server/store.go:152.2,153.16 2 1
github.com/f4hrenh9it/seismograph/back/server/store.go:156.2,157.45 2 1
github.com/f4hrenh9it/seismograph/back/server/store.go:160.2,165.8 1 1
github.com/f4hrenh9it/seismograph/back/server/store.go:149.93,151.3 1 0
github.com/f4hrenh9it/seismograph/back/server/store.go:153.16,155.3 1 0
github.com/f4hrenh9it/seismograph/back/server/store.go:157.45,159.3 1 0
github.com/f4hrenh9it/seismograph/back/server/store.go:168.141,175.64 2 5
github.com/f4hrenh9it/seismograph/back/server/store.go:178.2,178.29 1 5
github.com/f4hrenh9it/seismograph/back/server/store.go:175.64,177.3 1 0
github.com/f4hrenh9it/seismograph/back/server/store.go:181.90,182.53 1 1
github.com/f4hrenh9it/seismograph/back/server/store.go:193.2,193.12 1 1
github.com/f4hrenh9it/seismograph/back/server/store.go:182.53,183.102 1 1
github.com/f4hrenh9it/seismograph/back/server/store.go:186.3,186.93 1 1
github.com/f4hrenh9it/seismograph/back/server/store.go:189.3,189.13 1 1
github.com/f4hrenh9it/seismograph/back/server/store.go:183.102,185.4 1 0
github.com/f4hrenh9it/seismograph/back/server/store.go:186.93,188.4 1 0
github.com/f4hrenh9it/seismograph/back/server/store.go:190.17,192.3 1 0
github.com/f4hrenh9it/seismograph/back/server/store.go:196.83,200.88 2 1
github.com/f4hrenh9it/seismograph/back/server/store.go:203.2,203.12 1 1
github.com/f4hrenh9it/seismograph/back/server/store.go:200.88,202.3 1 0
github.com/f4hrenh9it/seismograph/back/server/transform.go:11.45,21.21 8 1
github.com/f4hrenh9it/seismograph/back/server/transform.go:30.2,30.15 1 1
github.com/f4hrenh9it/seismograph/back/server/transform.go:21.21,23.31 2 2
github.com/f4hrenh9it/seismograph/back/server/transform.go:23.31,24.31 1 8
github.com/f4hrenh9it/seismograph/back/server/transform.go:27.4,27.45 1 8
github.com/f4hrenh9it/seismograph/back/server/transform.go:24.31,26.5 1 4
github.com/f4hrenh9it/seismograph/back/config/config.go:44.35,50.16 6 0
github.com/f4hrenh9it/seismograph/back/config/config.go:53.2,55.16 3 0
github.com/f4hrenh9it/seismograph/back/config/config.go:58.2,58.12 1 0
github.com/f4hrenh9it/seismograph/back/config/config.go:50.16,52.3 1 0
github.com/f4hrenh9it/seismograph/back/config/config.go:55.16,57.3 1 0
github.com/f4hrenh9it/seismograph/back/server/error.go:17.55,21.2 1 3
github.com/f4hrenh9it/seismograph/back/server/log.go:9.13,29.2 3 1
github.com/f4hrenh9it/seismograph/back/testutil/docker.go:14.66,16.16 2 1
github.com/f4hrenh9it/seismograph/back/testutil/docker.go:19.2,27.16 2 1
github.com/f4hrenh9it/seismograph/back/testutil/docker.go:30.2,32.36 3 1
github.com/f4hrenh9it/seismograph/back/testutil/docker.go:45.2,45.35 1 1
github.com/f4hrenh9it/seismograph/back/testutil/docker.go:16.16,18.3 1 0
github.com/f4hrenh9it/seismograph/back/testutil/docker.go:27.16,29.3 1 0
github.com/f4hrenh9it/seismograph/back/testutil/docker.go:32.36,35.17 3 3
github.com/f4hrenh9it/seismograph/back/testutil/docker.go:38.3,38.39 1 1
github.com/f4hrenh9it/seismograph/back/testutil/docker.go:41.3,41.13 1 1
github.com/f4hrenh9it/seismograph/back/testutil/docker.go:35.17,37.4 1 2
github.com/f4hrenh9it/seismograph/back/testutil/docker.go:38.39,40.4 1 0
github.com/f4hrenh9it/seismograph/back/testutil/docker.go:42.17,44.3 1 0
github.com/f4hrenh9it/seismograph/back/testutil/docker.go:48.66,50.16 2 1
github.com/f4hrenh9it/seismograph/back/testutil/docker.go:54.2,55.16 2 1
github.com/f4hrenh9it/seismograph/back/testutil/docker.go:58.2,60.36 2 1
github.com/f4hrenh9it/seismograph/back/testutil/docker.go:70.2,70.35 1 1
github.com/f4hrenh9it/seismograph/back/testutil/docker.go:50.16,52.3 1 0
github.com/f4hrenh9it/seismograph/back/testutil/docker.go:55.16,57.3 1 0
github.com/f4hrenh9it/seismograph/back/testutil/docker.go:60.36,63.17 3 3
github.com/f4hrenh9it/seismograph/back/testutil/docker.go:66.3,66.19 1 3
github.com/f4hrenh9it/seismograph/back/testutil/docker.go:63.17,65.4 1 0
github.com/f4hrenh9it/seismograph/back/testutil/docker.go:67.17,69.3 1 0
github.com/f4hrenh9it/seismograph/back/server/handler.go:18.70,23.48 4 6
github.com/f4hrenh9it/seismograph/back/server/handler.go:26.2,27.16 2 6
github.com/f4hrenh9it/seismograph/back/server/handler.go:30.2,32.4 1 6
github.com/f4hrenh9it/seismograph/back/server/handler.go:23.48,25.3 1 0
github.com/f4hrenh9it/seismograph/back/server/handler.go:27.16,29.3 1 0
github.com/f4hrenh9it/seismograph/back/server/handler.go:35.65,40.16 4 1
github.com/f4hrenh9it/seismograph/back/server/handler.go:43.2,44.29 2 1
github.com/f4hrenh9it/seismograph/back/server/handler.go:47.2,49.4 1 1
github.com/f4hrenh9it/seismograph/back/server/handler.go:40.16,42.3 1 0
github.com/f4hrenh9it/seismograph/back/server/handler.go:44.29,46.3 1 2
github.com/f4hrenh9it/seismograph/back/server/handler.go:52.79,59.16 6 1
github.com/f4hrenh9it/seismograph/back/server/handler.go:62.2,62.26 1 1
github.com/f4hrenh9it/seismograph/back/server/handler.go:59.16,61.3 1 0
github.com/f4hrenh9it/seismograph/back/server/handler.go:65.72,72.16 6 1
github.com/f4hrenh9it/seismograph/back/server/handler.go:75.2,76.26 2 1
github.com/f4hrenh9it/seismograph/back/server/handler.go:79.2,81.4 1 1
github.com/f4hrenh9it/seismograph/back/server/handler.go:72.16,74.3 1 0
github.com/f4hrenh9it/seismograph/back/server/handler.go:76.26,78.3 1 1
github.com/f4hrenh9it/seismograph/back/server/handler.go:84.70,92.16 7 1
github.com/f4hrenh9it/seismograph/back/server/handler.go:95.2,97.4 1 1
github.com/f4hrenh9it/seismograph/back/server/handler.go:92.16,94.3 1 0
github.com/f4hrenh9it/seismograph/back/server/handler.go:100.67,107.57 6 1
github.com/f4hrenh9it/seismograph/back/server/handler.go:110.2,110.26 1 1
github.com/f4hrenh9it/seismograph/back/server/handler.go:107.57,109.3 1 0
github.com/f4hrenh9it/seismograph/back/server/handler.go:113.61,119.16 5 8
github.com/f4hrenh9it/seismograph/back/server/handler.go:122.2,125.51 4 8
github.com/f4hrenh9it/seismograph/back/server/handler.go:128.2,129.76 2 6
github.com/f4hrenh9it/seismograph/back/server/handler.go:132.2,132.69 1 5
github.com/f4hrenh9it/seismograph/back/server/handler.go:135.2,136.50 2 5
github.com/f4hrenh9it/seismograph/back/server/handler.go:150.2,152.16 3 5
github.com/f4hrenh9it/seismograph/back/server/handler.go:155.2,158.4 1 5
github.com/f4hrenh9it/seismograph/back/server/handler.go:119.16,121.3 1 0
github.com/f4hrenh9it/seismograph/back/server/handler.go:125.51,127.3 1 2
github.com/f4hrenh9it/seismograph/back/server/handler.go:129.76,131.3 1 1
github.com/f4hrenh9it/seismograph/back/server/handler.go:132.69,134.3 1 0
github.com/f4hrenh9it/seismograph/back/server/handler.go:136.50,138.17 2 5
github.com/f4hrenh9it/seismograph/back/server/handler.go:141.3,142.44 2 5
github.com/f4hrenh9it/seismograph/back/server/handler.go:145.3,146.91 2 5
github.com/f4hrenh9it/seismograph/back/server/handler.go:138.17,140.4 1 0
github.com/f4hrenh9it/seismograph/back/server/handler.go:142.44,144.4 1 0
github.com/f4hrenh9it/seismograph/back/server/handler.go:146.91,148.4 1 0
github.com/f4hrenh9it/seismograph/back/server/handler.go:152.16,154.3 1 0
github.com/f4hrenh9it/seismograph/back/server/handler.go:161.70,166.46 4 2
github.com/f4hrenh9it/seismograph/back/server/handler.go:170.2,171.16 2 2
github.com/f4hrenh9it/seismograph/back/server/handler.go:174.2,176.4 1 2
github.com/f4hrenh9it/seismograph/back/server/handler.go:166.46,168.3 1 0
github.com/f4hrenh9it/seismograph/back/server/handler.go:171.16,173.3 1 0
github.com/f4hrenh9it/seismograph/back/server/handler.go:179.73,186.16 6 1
github.com/f4hrenh9it/seismograph/back/server/handler.go:189.2,191.4 1 1
github.com/f4hrenh9it/seismograph/back/server/handler.go:186.16,188.3 1 0
github.com/f4hrenh9it/seismograph/back/server/handler.go:194.74,199.16 4 1
github.com/f4hrenh9it/seismograph/back/server/handler.go:202.2,203.30 2 1
github.com/f4hrenh9it/seismograph/back/server/handler.go:206.2,208.4 1 1
github.com/f4hrenh9it/seismograph/back/server/handler.go:199.16,201.3 1 0
github.com/f4hrenh9it/seismograph/back/server/handler.go:203.30,205.3 1 1
github.com/f4hrenh9it/seismograph/back/server/handler.go:211.65,216.46 4 1
github.com/f4hrenh9it/seismograph/back/server/handler.go:220.2,221.16 2 1
github.com/f4hrenh9it/seismograph/back/server/handler.go:224.2,226.4 1 1
github.com/f4hrenh9it/seismograph/back/server/handler.go:216.46,218.3 1 0
github.com/f4hrenh9it/seismograph/back/server/handler.go:221.16,223.3 1 0
github.com/f4hrenh9it/seismograph/back/server/handler.go:229.68,236.16 6 1
github.com/f4hrenh9it/seismograph/back/server/handler.go:239.2,241.4 1 1
github.com/f4hrenh9it/seismograph/back/server/handler.go:236.16,238.3 1 0
github.com/f4hrenh9it/seismograph/back/server/handler.go:244.71,250.58 5 1
github.com/f4hrenh9it/seismograph/back/server/handler.go:253.2,253.26 1 1
github.com/f4hrenh9it/seismograph/back/server/handler.go:250.58,252.3 1 0
github.com/f4hrenh9it/seismograph/back/server/handler.go:256.76,262.62 5 1
github.com/f4hrenh9it/seismograph/back/server/handler.go:265.2,265.26 1 1
github.com/f4hrenh9it/seismograph/back/server/handler.go:262.62,264.3 1 0
github.com/f4hrenh9it/seismograph/back/server/server.go:46.48,57.16 3 1
github.com/f4hrenh9it/seismograph/back/server/server.go:60.2,64.16 2 1
github.com/f4hrenh9it/seismograph/back/server/server.go:68.2,77.22 3 1
github.com/f4hrenh9it/seismograph/back/server/server.go:80.2,80.27 1 1
github.com/f4hrenh9it/seismograph/back/server/server.go:85.2,118.58 18 1
github.com/f4hrenh9it/seismograph/back/server/server.go:57.16,59.3 1 0
github.com/f4hrenh9it/seismograph/back/server/server.go:64.16,66.3 1 0
github.com/f4hrenh9it/seismograph/back/server/server.go:77.22,79.3 1 0
github.com/f4hrenh9it/seismograph/back/server/server.go:80.27,84.3 3 0
github.com/f4hrenh9it/seismograph/back/server/server.go:118.58,120.3 1 0
github.com/f4hrenh9it/seismograph/back/server/validate.go:9.57,11.37 1 8
github.com/f4hrenh9it/seismograph/back/server/validate.go:14.2,14.43 1 7
github.com/f4hrenh9it/seismograph/back/server/validate.go:17.2,17.47 1 7
github.com/f4hrenh9it/seismograph/back/server/validate.go:20.2,20.11 1 6
github.com/f4hrenh9it/seismograph/back/server/validate.go:11.37,13.3 1 1
github.com/f4hrenh9it/seismograph/back/server/validate.go:14.43,16.3 1 0
github.com/f4hrenh9it/seismograph/back/server/validate.go:17.47,19.3 1 1
github.com/f4hrenh9it/seismograph/back/testutil/testutil.go:9.53,18.2 1 2
github.com/f4hrenh9it/seismograph/back/migrations/init.go:16.43,18.16 2 1
github.com/f4hrenh9it/seismograph/back/migrations/init.go:22.2,28.35 4 1
github.com/f4hrenh9it/seismograph/back/migrations/init.go:32.2,32.39 1 1
github.com/f4hrenh9it/seismograph/back/migrations/init.go:18.16,21.3 2 0
github.com/f4hrenh9it/seismograph/back/migrations/init.go:28.35,31.3 2 0
github.com/f4hrenh9it/seismograph/back/migrations/init.go:35.47,39.37 1 1
github.com/f4hrenh9it/seismograph/back/migrations/init.go:39.37,50.61 2 1
github.com/f4hrenh9it/seismograph/back/migrations/init.go:54.5,60.60 2 1
github.com/f4hrenh9it/seismograph/back/migrations/init.go:64.5,70.66 2 1
github.com/f4hrenh9it/seismograph/back/migrations/init.go:73.5,78.61 2 1
github.com/f4hrenh9it/seismograph/back/migrations/init.go:81.5,81.15 1 1
github.com/f4hrenh9it/seismograph/back/migrations/init.go:50.61,52.6 1 0
github.com/f4hrenh9it/seismograph/back/migrations/init.go:60.60,62.6 1 0
github.com/f4hrenh9it/seismograph/back/migrations/init.go:70.66,72.6 1 0
github.com/f4hrenh9it/seismograph/back/migrations/init.go:78.61,80.6 1 0
github.com/f4hrenh9it/seismograph/back/migrations/init.go:83.38,85.5 1 0
github.com/f4hrenh9it/seismograph/back/migrations/init.go:90.45,95.2 4 1
